ama- → ŋamaam
apa ~ appa → ŋaapa
ata ~ atta → ŋaata
bixmi → biema
büxstə → bʉəsta
dalı → daal
doxla → doɂla
dom → duom
duxla → duoɂla
gökti → gieɂt
gilti → gielt
gićiŋ → giķŋ
göxiŋ → gieɂtŋ
gilli → giel
goŋgıŋ → huogŋ
gusamı → husaam
gʷənmə → ģienm
gʷöxir → guoɂr
gʷöris → ģiers
gʷülim → ģielm
gʷomı → guom
gʷuga → guog
gʷümmə → ģiem
axı → ɂaata
qalad → ɂalad
qazar → ɂaarl
əwpi → ɂieģp
yiŋgiŋ → ɂiegŋ
iti → ŋiet
ıxlı → ŋʉəɂl
ıkkısı → ŋʉəks
*kiilləŋ → kielŋ
kögis → kʉəgs
kuxta → quɂaamt
kussıŋ → quosh
kʷölin → ķieln
kʷolı → kuol
ləŋgʷid → laaŋgd
lökši → lieɂķ
maxnapı → maanaap
mamı → maam
*maŋma- → maŋa
möxit → meɂat
möxir → mieɂar
mixpi → mieɂp
mirəŋgiŋ → miraagŋ
mizitə → mierta
mıkan → mʉəɂan
mıćıŋŋıŋ → mʉəɂs
mülliŋ → mʉəlŋ
nigʷim → nieģm
nüsti → ņieɂs
nuŋgıŋ → ŋuogŋ
oxlı → ŋuoɂl
sıkaŋkı → qaaŋk
sıtıxı → tiha
siksi → sieɂs
sixas → sieɂas
sogʷıŋ → suogŋ
suda → suda
sutı → suot
sikəsi → qaas
tıŋı → tiŋ
tüyiŋ → tuoyŋ
śisittiŋ → ķiestŋ
śuŋgıŋ → ķuŋaaŋ
qulım → ŋuolm
üdin → ŋʉədn
üxmit → ŋʉəɂmt
ülin → ŋʉəln
üri~ürə → ŋʉra
üŋgiŋ → ŋʉəgŋ
üxiŋ → ŋʉəɂŋ
üz → ŋʉr
wapıntı → vaapnt
wölpi~wöći → vʉķ
zəpəmi → raapm
zixli → rieɂl