
amamə → ŋamaam ‣ ŋamaam
appa → ŋaapa ‣ ŋaapa
atta → ŋaata ‣ ŋaata
biima → biema ‣ biema
büüsəta → bʉəsta ‣ bʉəsta
dalə → daal ‣ daal
dohla → doɂla ‣ duɂlam
doom → duom ‣ duom
duuhla → duoɂla ‣ duoɂla
geehtə → gieɂt ‣ gieɂt
giltə → gielt ‣ ŋielt
gitłəəŋ → giķŋ ‣ vieķʉ
giihtəəŋ → gieɂtŋ ‣ gietŋ
gillə → giel ‣ giela
googgəŋ → guogŋ ‣ ŋougŋ
gusaamə → ŋusaam ‣ husaam
gʷenma → genma ‣ ģaŋm
gʷehar → geɂar ‣ gieɂr
gʷerəs → giers ‣ ģiers
gʷeləm → gielm ‣ ģielŋ
gʷomə → guom ‣ ģieɂm
gʷuug → guog ‣ guog
gʷümma → ģiema ‣ ģiemŋ
haata → ɂaata ‣ ɂaad
halad → ɂalad ‣ ɂald
hazar → ɂaarl ‣ ɂaarl
hiigʷəp → ɂiegp ‣ ɂieģp
hiiggəŋ → ɂiegŋ ‣ ɂiehŋ
itəə → ŋiet ‣ ŋiet
ıhlə → ŋʉəɂl ‣ ŋʉəl
ıkkəsə → ŋʉəqs ‣ ŋʉəks
kiilləŋ → qielŋ ‣ kielŋ
kogəs → quogs ‣ kuɂhs
kuhamtə → quɂaamt ‣ quoɂmt
kussəh → quosh ‣ quosh
kʷelən → kieln ‣ ķieɂln
kʷolə → kuol ‣ quoɂl
läŋgʷəd → laaŋgd ‣ laŋgd
leehčə → lieɂķ ‣ lieɂķ
maanapə → maanaap ‣ maanaap
mamə → maam ‣ maam
maŋa → maŋa ‣ maaŋ
mehat → meɂat ‣ mieɂt
meehar → mieɂar ‣ mieɂar
miihəpə → mieɂp ‣ mieɂp
miraggəŋ → miraagŋ ‣ miraagŋ
mizəta → mierta ‣ mierta
mııhan → mʉəɂan ‣ muoɂn
mıłəŋŋəŋ → mʉəsŋ ‣ mʉəsŋ
müüləŋ → mʉəlŋ ‣ mʉəlŋ
niigʷəm → niegm ‣ nieģm
nüsəŋ → ņiesŋ ‣ ņieɂs
ŋuugəŋ → ŋuogŋ ‣ ŋuogŋ
ohlə → ŋuoɂl ‣ ŋuoɂl
pskaŋkə → qaaŋk ‣ qaaŋk
pstıha → tiɂa ‣ tiha
sihsəg → sieɂsg ‣ sieɂsʉ
siihas → sieɂas ‣ sieɂs
sogʷəŋ → suogŋ ‣ suoɂgŋ
suda → suda ‣ suda
sutə → suot ‣ suot
skäsəə → qaas ‣ kaasə
tıŋ → tiŋ ‣ tiŋ
tüüjəŋ → tʉəjŋ ‣ tieɂiŋ
tłisəttəŋ → ķiestŋ ‣ ķiestŋ
tłuŋaaŋ → ķuŋaaŋ ‣ ķuŋaaŋ
uuləm → ŋuolm ‣ ŋuoɂlm
üdən → ŋʉədn ‣ ŋʉədn
ühməŋ → ŋʉəɂmŋ ‣ ŋʉʉɂm
ülən → ŋʉəln ‣ ŋʉəln
üra → ŋʉra ‣ ŋʉra
üüggəŋ → ŋʉəgŋ ‣ ŋʉəgŋ
üühəəŋ → ŋʉəɂŋ ‣ ŋʉəɂŋ
üz → ŋʉr ‣ ŋʉr
waapəntə → vaapnt ‣ vaapənt
weeləp → vielp ‣ vuoɂlp
zäpəmə → raapm ‣ raapm
zihlə → rieɂl ‣ rieɂl